ERROR - 2022-12-06 03:53:32 --> mysqli_sql_exception: Table 'blog.blog' doesn't exist in C:\xampp\htdocs\blog\vendor\codeigniter4\framework\system\Database\MySQLi\Connection.php:292
Stack trace:
#0 C:\xampp\htdocs\blog\vendor\codeigniter4\framework\system\Database\MySQLi\Connection.php(292): mysqli->query('SELECT *\nFROM `...', 0)
#1 C:\xampp\htdocs\blog\vendor\codeigniter4\framework\system\Database\BaseConnection.php(666): CodeIgniter\Database\MySQLi\Connection->execute('SELECT *\nFROM `...')
#2 C:\xampp\htdocs\blog\vendor\codeigniter4\framework\system\Database\BaseConnection.php(593): CodeIgniter\Database\BaseConnection->simpleQuery('SELECT *\nFROM `...')
#3 C:\xampp\htdocs\blog\vendor\codeigniter4\framework\system\Database\BaseBuilder.php(1585): CodeIgniter\Database\BaseConnection->query('SELECT *\nFROM `...', Array, false)
#4 C:\xampp\htdocs\blog\vendor\codeigniter4\framework\system\Model.php(223): CodeIgniter\Database\BaseBuilder->get()
#5 C:\xampp\htdocs\blog\vendor\codeigniter4\framework\system\BaseModel.php(585): CodeIgniter\Model->doFindAll(0, 0)
#6 C:\xampp\htdocs\blog\app\Models\BlogModel.php(14): CodeIgniter\BaseModel->findAll()
#7 C:\xampp\htdocs\blog\app\Controllers\Pages.php(13): App\Models\BlogModel->getPosts()
#8 C:\xampp\htdocs\blog\vendor\codeigniter4\framework\system\CodeIgniter.php(927): App\Controllers\Pages->index()
#9 C:\xampp\htdocs\blog\vendor\codeigniter4\framework\system\CodeIgniter.php(482): CodeIgniter\CodeIgniter->runController(Object(App\Controllers\Pages))
#10 C:\xampp\htdocs\blog\vendor\codeigniter4\framework\system\CodeIgniter.php(351): CodeIgniter\CodeIgniter->handleRequest(NULL, Object(Config\Cache), false)
#11 C:\xampp\htdocs\blog\public\index.php(67): CodeIgniter\CodeIgniter->run()
#12 {main}
CRITICAL - 2022-12-06 03:53:32 --> Table 'blog.blog' doesn't exist
in SYSTEMPATH\Database\MySQLi\Connection.php on line 292.
 1 SYSTEMPATH\Database\MySQLi\Connection.php(292): mysqli->query('SELECT *
FROM `blog`', 0)
 2 SYSTEMPATH\Database\BaseConnection.php(666): CodeIgniter\Database\MySQLi\Connection->execute('SELECT *
FROM `blog`')
 3 SYSTEMPATH\Database\BaseConnection.php(593): CodeIgniter\Database\BaseConnection->simpleQuery('SELECT *
FROM `blog`')
 4 SYSTEMPATH\Database\BaseBuilder.php(1585): CodeIgniter\Database\BaseConnection->query('SELECT *
FROM `blog`', [], false)
 5 SYSTEMPATH\Model.php(223): CodeIgniter\Database\BaseBuilder->get()
 6 SYSTEMPATH\BaseModel.php(585): CodeIgniter\Model->doFindAll(0, 0)
 7 APPPATH\Models\BlogModel.php(14): CodeIgniter\BaseModel->findAll()
 8 APPPATH\Controllers\Pages.php(13): App\Models\BlogModel->getPosts()
 9 SYSTEMPATH\CodeIgniter.php(927): App\Controllers\Pages->index()
10 SYSTEMPATH\CodeIgniter.php(482): CodeIgniter\CodeIgniter->runController(Object(App\Controllers\Pages))
11 SYSTEMPATH\CodeIgniter.php(351): CodeIgniter\CodeIgniter->handleRequest(null, Object(Config\Cache), false)
12 FCPATH\index.php(67): CodeIgniter\CodeIgniter->run()
ERROR - 2022-12-06 04:08:06 --> mysqli_sql_exception: Table 'blog.blog' doesn't exist in C:\xampp\htdocs\blog\vendor\codeigniter4\framework\system\Database\MySQLi\Connection.php:292
Stack trace:
#0 C:\xampp\htdocs\blog\vendor\codeigniter4\framework\system\Database\MySQLi\Connection.php(292): mysqli->query('SELECT *\nFROM `...', 0)
#1 C:\xampp\htdocs\blog\vendor\codeigniter4\framework\system\Database\BaseConnection.php(666): CodeIgniter\Database\MySQLi\Connection->execute('SELECT *\nFROM `...')
#2 C:\xampp\htdocs\blog\vendor\codeigniter4\framework\system\Database\BaseConnection.php(593): CodeIgniter\Database\BaseConnection->simpleQuery('SELECT *\nFROM `...')
#3 C:\xampp\htdocs\blog\vendor\codeigniter4\framework\system\Database\BaseBuilder.php(1585): CodeIgniter\Database\BaseConnection->query('SELECT *\nFROM `...', Array, false)
#4 C:\xampp\htdocs\blog\vendor\codeigniter4\framework\system\Model.php(223): CodeIgniter\Database\BaseBuilder->get()
#5 C:\xampp\htdocs\blog\vendor\codeigniter4\framework\system\BaseModel.php(585): CodeIgniter\Model->doFindAll(0, 0)
#6 C:\xampp\htdocs\blog\app\Models\BlogModel.php(14): CodeIgniter\BaseModel->findAll()
#7 C:\xampp\htdocs\blog\app\Controllers\Pages.php(13): App\Models\BlogModel->getPosts()
#8 C:\xampp\htdocs\blog\vendor\codeigniter4\framework\system\CodeIgniter.php(927): App\Controllers\Pages->index()
#9 C:\xampp\htdocs\blog\vendor\codeigniter4\framework\system\CodeIgniter.php(482): CodeIgniter\CodeIgniter->runController(Object(App\Controllers\Pages))
#10 C:\xampp\htdocs\blog\vendor\codeigniter4\framework\system\CodeIgniter.php(351): CodeIgniter\CodeIgniter->handleRequest(NULL, Object(Config\Cache), false)
#11 C:\xampp\htdocs\blog\public\index.php(67): CodeIgniter\CodeIgniter->run()
#12 {main}
CRITICAL - 2022-12-06 04:08:06 --> Table 'blog.blog' doesn't exist
in SYSTEMPATH\Database\MySQLi\Connection.php on line 292.
 1 SYSTEMPATH\Database\MySQLi\Connection.php(292): mysqli->query('SELECT *
FROM `blog`', 0)
 2 SYSTEMPATH\Database\BaseConnection.php(666): CodeIgniter\Database\MySQLi\Connection->execute('SELECT *
FROM `blog`')
 3 SYSTEMPATH\Database\BaseConnection.php(593): CodeIgniter\Database\BaseConnection->simpleQuery('SELECT *
FROM `blog`')
 4 SYSTEMPATH\Database\BaseBuilder.php(1585): CodeIgniter\Database\BaseConnection->query('SELECT *
FROM `blog`', [], false)
 5 SYSTEMPATH\Model.php(223): CodeIgniter\Database\BaseBuilder->get()
 6 SYSTEMPATH\BaseModel.php(585): CodeIgniter\Model->doFindAll(0, 0)
 7 APPPATH\Models\BlogModel.php(14): CodeIgniter\BaseModel->findAll()
 8 APPPATH\Controllers\Pages.php(13): App\Models\BlogModel->getPosts()
 9 SYSTEMPATH\CodeIgniter.php(927): App\Controllers\Pages->index()
10 SYSTEMPATH\CodeIgniter.php(482): CodeIgniter\CodeIgniter->runController(Object(App\Controllers\Pages))
11 SYSTEMPATH\CodeIgniter.php(351): CodeIgniter\CodeIgniter->handleRequest(null, Object(Config\Cache), false)
12 FCPATH\index.php(67): CodeIgniter\CodeIgniter->run()
ERROR - 2022-12-06 04:08:07 --> mysqli_sql_exception: Table 'blog.blog' doesn't exist in C:\xampp\htdocs\blog\vendor\codeigniter4\framework\system\Database\MySQLi\Connection.php:292
Stack trace:
#0 C:\xampp\htdocs\blog\vendor\codeigniter4\framework\system\Database\MySQLi\Connection.php(292): mysqli->query('SELECT *\nFROM `...', 0)
#1 C:\xampp\htdocs\blog\vendor\codeigniter4\framework\system\Database\BaseConnection.php(666): CodeIgniter\Database\MySQLi\Connection->execute('SELECT *\nFROM `...')
#2 C:\xampp\htdocs\blog\vendor\codeigniter4\framework\system\Database\BaseConnection.php(593): CodeIgniter\Database\BaseConnection->simpleQuery('SELECT *\nFROM `...')
#3 C:\xampp\htdocs\blog\vendor\codeigniter4\framework\system\Database\BaseBuilder.php(1585): CodeIgniter\Database\BaseConnection->query('SELECT *\nFROM `...', Array, false)
#4 C:\xampp\htdocs\blog\vendor\codeigniter4\framework\system\Model.php(223): CodeIgniter\Database\BaseBuilder->get()
#5 C:\xampp\htdocs\blog\vendor\codeigniter4\framework\system\BaseModel.php(585): CodeIgniter\Model->doFindAll(0, 0)
#6 C:\xampp\htdocs\blog\app\Models\BlogModel.php(14): CodeIgniter\BaseModel->findAll()
#7 C:\xampp\htdocs\blog\app\Controllers\Pages.php(13): App\Models\BlogModel->getPosts()
#8 C:\xampp\htdocs\blog\vendor\codeigniter4\framework\system\CodeIgniter.php(927): App\Controllers\Pages->index()
#9 C:\xampp\htdocs\blog\vendor\codeigniter4\framework\system\CodeIgniter.php(482): CodeIgniter\CodeIgniter->runController(Object(App\Controllers\Pages))
#10 C:\xampp\htdocs\blog\vendor\codeigniter4\framework\system\CodeIgniter.php(351): CodeIgniter\CodeIgniter->handleRequest(NULL, Object(Config\Cache), false)
#11 C:\xampp\htdocs\blog\public\index.php(67): CodeIgniter\CodeIgniter->run()
#12 {main}
CRITICAL - 2022-12-06 04:08:07 --> Table 'blog.blog' doesn't exist
in SYSTEMPATH\Database\MySQLi\Connection.php on line 292.
 1 SYSTEMPATH\Database\MySQLi\Connection.php(292): mysqli->query('SELECT *
FROM `blog`', 0)
 2 SYSTEMPATH\Database\BaseConnection.php(666): CodeIgniter\Database\MySQLi\Connection->execute('SELECT *
FROM `blog`')
 3 SYSTEMPATH\Database\BaseConnection.php(593): CodeIgniter\Database\BaseConnection->simpleQuery('SELECT *
FROM `blog`')
 4 SYSTEMPATH\Database\BaseBuilder.php(1585): CodeIgniter\Database\BaseConnection->query('SELECT *
FROM `blog`', [], false)
 5 SYSTEMPATH\Model.php(223): CodeIgniter\Database\BaseBuilder->get()
 6 SYSTEMPATH\BaseModel.php(585): CodeIgniter\Model->doFindAll(0, 0)
 7 APPPATH\Models\BlogModel.php(14): CodeIgniter\BaseModel->findAll()
 8 APPPATH\Controllers\Pages.php(13): App\Models\BlogModel->getPosts()
 9 SYSTEMPATH\CodeIgniter.php(927): App\Controllers\Pages->index()
10 SYSTEMPATH\CodeIgniter.php(482): CodeIgniter\CodeIgniter->runController(Object(App\Controllers\Pages))
11 SYSTEMPATH\CodeIgniter.php(351): CodeIgniter\CodeIgniter->handleRequest(null, Object(Config\Cache), false)
12 FCPATH\index.php(67): CodeIgniter\CodeIgniter->run()
ERROR - 2022-12-06 04:08:16 --> Error connecting to the database: mysqli_sql_exception: Access denied for user ''@'localhost' (using password: NO) in C:\xampp\htdocs\blog\vendor\codeigniter4\framework\system\Database\MySQLi\Connection.php:171
Stack trace:
#0 C:\xampp\htdocs\blog\vendor\codeigniter4\framework\system\Database\MySQLi\Connection.php(171): mysqli->real_connect('localhost', '', '', 'blog', 3306, '', 0)
#1 C:\xampp\htdocs\blog\vendor\codeigniter4\framework\system\Database\BaseConnection.php(382): CodeIgniter\Database\MySQLi\Connection->connect(false)
#2 C:\xampp\htdocs\blog\vendor\codeigniter4\framework\system\Database\BaseConnection.php(561): CodeIgniter\Database\BaseConnection->initialize()
#3 C:\xampp\htdocs\blog\vendor\codeigniter4\framework\system\Database\BaseBuilder.php(1585): CodeIgniter\Database\BaseConnection->query('SELECT *\nFROM `...', Array, false)
#4 C:\xampp\htdocs\blog\vendor\codeigniter4\framework\system\Model.php(223): CodeIgniter\Database\BaseBuilder->get()
#5 C:\xampp\htdocs\blog\vendor\codeigniter4\framework\system\BaseModel.php(585): CodeIgniter\Model->doFindAll(0, 0)
#6 C:\xampp\htdocs\blog\app\Models\BlogModel.php(14): CodeIgniter\BaseModel->findAll()
#7 C:\xampp\htdocs\blog\app\Controllers\Pages.php(13): App\Models\BlogModel->getPosts()
#8 C:\xampp\htdocs\blog\vendor\codeigniter4\framework\system\CodeIgniter.php(927): App\Controllers\Pages->index()
#9 C:\xampp\htdocs\blog\vendor\codeigniter4\framework\system\CodeIgniter.php(482): CodeIgniter\CodeIgniter->runController(Object(App\Controllers\Pages))
#10 C:\xampp\htdocs\blog\vendor\codeigniter4\framework\system\CodeIgniter.php(351): CodeIgniter\CodeIgniter->handleRequest(NULL, Object(Config\Cache), false)
#11 C:\xampp\htdocs\blog\public\index.php(67): CodeIgniter\CodeIgniter->run()
#12 {main}

Next CodeIgniter\Database\Exceptions\DatabaseException: Access denied for user ''@'localhost' (using password: NO) in C:\xampp\htdocs\blog\vendor\codeigniter4\framework\system\Database\MySQLi\Connection.php:215
Stack trace:
#0 C:\xampp\htdocs\blog\vendor\codeigniter4\framework\system\Database\BaseConnection.php(382): CodeIgniter\Database\MySQLi\Connection->connect(false)
#1 C:\xampp\htdocs\blog\vendor\codeigniter4\framework\system\Database\BaseConnection.php(561): CodeIgniter\Database\BaseConnection->initialize()
#2 C:\xampp\htdocs\blog\vendor\codeigniter4\framework\system\Database\BaseBuilder.php(1585): CodeIgniter\Database\BaseConnection->query('SELECT *\nFROM `...', Array, false)
#3 C:\xampp\htdocs\blog\vendor\codeigniter4\framework\system\Model.php(223): CodeIgniter\Database\BaseBuilder->get()
#4 C:\xampp\htdocs\blog\vendor\codeigniter4\framework\system\BaseModel.php(585): CodeIgniter\Model->doFindAll(0, 0)
#5 C:\xampp\htdocs\blog\app\Models\BlogModel.php(14): CodeIgniter\BaseModel->findAll()
#6 C:\xampp\htdocs\blog\app\Controllers\Pages.php(13): App\Models\BlogModel->getPosts()
#7 C:\xampp\htdocs\blog\vendor\codeigniter4\framework\system\CodeIgniter.php(927): App\Controllers\Pages->index()
#8 C:\xampp\htdocs\blog\vendor\codeigniter4\framework\system\CodeIgniter.php(482): CodeIgniter\CodeIgniter->runController(Object(App\Controllers\Pages))
#9 C:\xampp\htdocs\blog\vendor\codeigniter4\framework\system\CodeIgniter.php(351): CodeIgniter\CodeIgniter->handleRequest(NULL, Object(Config\Cache), false)
#10 C:\xampp\htdocs\blog\public\index.php(67): CodeIgniter\CodeIgniter->run()
#11 {main}
CRITICAL - 2022-12-06 04:08:16 --> Unable to connect to the database.
Main connection [MySQLi]: Access denied for user ''@'localhost' (using password: NO)
in SYSTEMPATH\Database\BaseConnection.php on line 418.
 1 SYSTEMPATH\Database\BaseConnection.php(561): CodeIgniter\Database\BaseConnection->initialize()
 2 SYSTEMPATH\Database\BaseBuilder.php(1585): CodeIgniter\Database\BaseConnection->query('SELECT *
FROM `blog`', [], false)
 3 SYSTEMPATH\Model.php(223): CodeIgniter\Database\BaseBuilder->get()
 4 SYSTEMPATH\BaseModel.php(585): CodeIgniter\Model->doFindAll(0, 0)
 5 APPPATH\Models\BlogModel.php(14): CodeIgniter\BaseModel->findAll()
 6 APPPATH\Controllers\Pages.php(13): App\Models\BlogModel->getPosts()
 7 SYSTEMPATH\CodeIgniter.php(927): App\Controllers\Pages->index()
 8 SYSTEMPATH\CodeIgniter.php(482): CodeIgniter\CodeIgniter->runController(Object(App\Controllers\Pages))
 9 SYSTEMPATH\CodeIgniter.php(351): CodeIgniter\CodeIgniter->handleRequest(null, Object(Config\Cache), false)
10 FCPATH\index.php(67): CodeIgniter\CodeIgniter->run()
ERROR - 2022-12-06 04:08:36 --> mysqli_sql_exception: Table 'blog.blog' doesn't exist in C:\xampp\htdocs\blog\vendor\codeigniter4\framework\system\Database\MySQLi\Connection.php:292
Stack trace:
#0 C:\xampp\htdocs\blog\vendor\codeigniter4\framework\system\Database\MySQLi\Connection.php(292): mysqli->query('SELECT *\nFROM `...', 0)
#1 C:\xampp\htdocs\blog\vendor\codeigniter4\framework\system\Database\BaseConnection.php(666): CodeIgniter\Database\MySQLi\Connection->execute('SELECT *\nFROM `...')
#2 C:\xampp\htdocs\blog\vendor\codeigniter4\framework\system\Database\BaseConnection.php(593): CodeIgniter\Database\BaseConnection->simpleQuery('SELECT *\nFROM `...')
#3 C:\xampp\htdocs\blog\vendor\codeigniter4\framework\system\Database\BaseBuilder.php(1585): CodeIgniter\Database\BaseConnection->query('SELECT *\nFROM `...', Array, false)
#4 C:\xampp\htdocs\blog\vendor\codeigniter4\framework\system\Model.php(223): CodeIgniter\Database\BaseBuilder->get()
#5 C:\xampp\htdocs\blog\vendor\codeigniter4\framework\system\BaseModel.php(585): CodeIgniter\Model->doFindAll(0, 0)
#6 C:\xampp\htdocs\blog\app\Models\BlogModel.php(14): CodeIgniter\BaseModel->findAll()
#7 C:\xampp\htdocs\blog\app\Controllers\Pages.php(13): App\Models\BlogModel->getPosts()
#8 C:\xampp\htdocs\blog\vendor\codeigniter4\framework\system\CodeIgniter.php(927): App\Controllers\Pages->index()
#9 C:\xampp\htdocs\blog\vendor\codeigniter4\framework\system\CodeIgniter.php(482): CodeIgniter\CodeIgniter->runController(Object(App\Controllers\Pages))
#10 C:\xampp\htdocs\blog\vendor\codeigniter4\framework\system\CodeIgniter.php(351): CodeIgniter\CodeIgniter->handleRequest(NULL, Object(Config\Cache), false)
#11 C:\xampp\htdocs\blog\public\index.php(67): CodeIgniter\CodeIgniter->run()
#12 {main}
CRITICAL - 2022-12-06 04:08:36 --> Table 'blog.blog' doesn't exist
in SYSTEMPATH\Database\MySQLi\Connection.php on line 292.
 1 SYSTEMPATH\Database\MySQLi\Connection.php(292): mysqli->query('SELECT *
FROM `blog`', 0)
 2 SYSTEMPATH\Database\BaseConnection.php(666): CodeIgniter\Database\MySQLi\Connection->execute('SELECT *
FROM `blog`')
 3 SYSTEMPATH\Database\BaseConnection.php(593): CodeIgniter\Database\BaseConnection->simpleQuery('SELECT *
FROM `blog`')
 4 SYSTEMPATH\Database\BaseBuilder.php(1585): CodeIgniter\Database\BaseConnection->query('SELECT *
FROM `blog`', [], false)
 5 SYSTEMPATH\Model.php(223): CodeIgniter\Database\BaseBuilder->get()
 6 SYSTEMPATH\BaseModel.php(585): CodeIgniter\Model->doFindAll(0, 0)
 7 APPPATH\Models\BlogModel.php(14): CodeIgniter\BaseModel->findAll()
 8 APPPATH\Controllers\Pages.php(13): App\Models\BlogModel->getPosts()
 9 SYSTEMPATH\CodeIgniter.php(927): App\Controllers\Pages->index()
10 SYSTEMPATH\CodeIgniter.php(482): CodeIgniter\CodeIgniter->runController(Object(App\Controllers\Pages))
11 SYSTEMPATH\CodeIgniter.php(351): CodeIgniter\CodeIgniter->handleRequest(null, Object(Config\Cache), false)
12 FCPATH\index.php(67): CodeIgniter\CodeIgniter->run()
CRITICAL - 2022-12-06 05:09:47 --> required  is not a valid rule.
in SYSTEMPATH\Validation\Validation.php on line 323.
 1 SYSTEMPATH\Validation\Validation.php(323): CodeIgniter\Validation\Exceptions\ValidationException::forRuleNotFound('required ')
 2 SYSTEMPATH\Validation\Validation.php(175): CodeIgniter\Validation\Validation->processRules('title', 'title', null, [...], [...])
 3 SYSTEMPATH\Controller.php(140): CodeIgniter\Validation\Validation->run()
 4 APPPATH\Controllers\Blog.php(24): CodeIgniter\Controller->validate([...])
 5 SYSTEMPATH\CodeIgniter.php(927): App\Controllers\Blog->create()
 6 SYSTEMPATH\CodeIgniter.php(482): CodeIgniter\CodeIgniter->runController(Object(App\Controllers\Blog))
 7 SYSTEMPATH\CodeIgniter.php(351): CodeIgniter\CodeIgniter->handleRequest(null, Object(Config\Cache), false)
 8 FCPATH\index.php(67): CodeIgniter\CodeIgniter->run()
CRITICAL - 2022-12-06 05:15:08 --> required  is not a valid rule.
in SYSTEMPATH\Validation\Validation.php on line 323.
 1 SYSTEMPATH\Validation\Validation.php(323): CodeIgniter\Validation\Exceptions\ValidationException::forRuleNotFound('required ')
 2 SYSTEMPATH\Validation\Validation.php(175): CodeIgniter\Validation\Validation->processRules('title', 'title', null, [...], [...])
 3 SYSTEMPATH\Controller.php(140): CodeIgniter\Validation\Validation->run()
 4 APPPATH\Controllers\Blog.php(24): CodeIgniter\Controller->validate([...])
 5 SYSTEMPATH\CodeIgniter.php(927): App\Controllers\Blog->create()
 6 SYSTEMPATH\CodeIgniter.php(482): CodeIgniter\CodeIgniter->runController(Object(App\Controllers\Blog))
 7 SYSTEMPATH\CodeIgniter.php(351): CodeIgniter\CodeIgniter->handleRequest(null, Object(Config\Cache), false)
 8 FCPATH\index.php(67): CodeIgniter\CodeIgniter->run()
CRITICAL - 2022-12-06 05:15:09 --> required  is not a valid rule.
in SYSTEMPATH\Validation\Validation.php on line 323.
 1 SYSTEMPATH\Validation\Validation.php(323): CodeIgniter\Validation\Exceptions\ValidationException::forRuleNotFound('required ')
 2 SYSTEMPATH\Validation\Validation.php(175): CodeIgniter\Validation\Validation->processRules('title', 'title', null, [...], [...])
 3 SYSTEMPATH\Controller.php(140): CodeIgniter\Validation\Validation->run()
 4 APPPATH\Controllers\Blog.php(24): CodeIgniter\Controller->validate([...])
 5 SYSTEMPATH\CodeIgniter.php(927): App\Controllers\Blog->create()
 6 SYSTEMPATH\CodeIgniter.php(482): CodeIgniter\CodeIgniter->runController(Object(App\Controllers\Blog))
 7 SYSTEMPATH\CodeIgniter.php(351): CodeIgniter\CodeIgniter->handleRequest(null, Object(Config\Cache), false)
 8 FCPATH\index.php(67): CodeIgniter\CodeIgniter->run()
CRITICAL - 2022-12-06 05:31:18 --> Allowed fields must be specified for model: App\Models\BlogModel
in SYSTEMPATH\BaseModel.php on line 1160.
 1 SYSTEMPATH\BaseModel.php(1160): CodeIgniter\Database\Exceptions\DataException::forInvalidAllowedFields('App\\Models\\BlogModel')
 2 SYSTEMPATH\BaseModel.php(724): CodeIgniter\BaseModel->doProtectFields([...])
 3 SYSTEMPATH\Model.php(667): CodeIgniter\BaseModel->insert([...], false)
 4 SYSTEMPATH\BaseModel.php(659): CodeIgniter\Model->insert([...], false)
 5 APPPATH\Controllers\Blog.php(35): CodeIgniter\BaseModel->save([...])
 6 SYSTEMPATH\CodeIgniter.php(927): App\Controllers\Blog->create()
 7 SYSTEMPATH\CodeIgniter.php(482): CodeIgniter\CodeIgniter->runController(Object(App\Controllers\Blog))
 8 SYSTEMPATH\CodeIgniter.php(351): CodeIgniter\CodeIgniter->handleRequest(null, Object(Config\Cache), false)
 9 FCPATH\index.php(67): CodeIgniter\CodeIgniter->run()
